Serial port COM8 opened successfully.
Incoming Packet: 5B 44 42 47 5D 5B 32 30 36 34 35 31 5D 5B 77 69 66 69 20 20 20 20 5D 5B 77 75 5F 75 61 72 74 5F 77 72 69 74 65 20 20 20 5D 20 77 69 66 69 5F 75 61 72 74 5F 73 65 6E 64 3A 32 30 36 34 35 31 28 5B 44 42 47 5D 5B 32 30 36 34 37 35 5D 5B 77 69 66 69 20 20 20 20 5D 5B 77 75 5F 72 65 63 76 5F 6C 69 6E 65 20 20 20 20 5D 20 77 69 66 69 5F 75 61 72 74 5F 72 65 63 76 31 3A 32 30 36 34 37 35 2C 2B 43 49 46 53 52 3A 53 54 41 49 50 2C 22 31 39 32 2E 31 36 38 2E 38 36 2E 33 37 22 0D 0A 5B 44 42 47 5D 5B 32 30 36 34 37 35 5D 5B 77 69 66 69 20 20 20 20 5D 5B 77 70 5F 67 65 74 5F 73 74 72 5F 69 74 65 6D 5F 65 78 5D 20 69 74 65 6D 3A 31 39 32 2E 31 36 38 2E 38 36 2E 33 37 0D 0A 5B 44 42 47 5D 5B 32 30 36 34 37 35 5D 5B 77 69 66 69 20 20 20 20 5D 5B 77 75 5F 72 65 63 76 5F 6C 69 6E 65 20 20 20 20 5D 20 77 69 66 69 5F 75 61 72 74 5F 72 65 63 76 31 3A 32 30 36 34 37 35 2C 2B 43 49 46 53 52 3A 53 54 41 4D 41 43 2C 22 37 38 3A 65 65 3A 34 63 3A 38 33 3A 37 61 3A 64 34 22 0D 0A 5B 44 42 47 5D 5B 32 30 36 34 37 36 5D 5B 77 69 66 69 20 20 20 20 5D 5B 77 70 5F 67 65 74 5F 73 74 72 5F 69 74 65 6D 5F 65 78 5D 20 69 74 65 6D 3A 37 38 3A 65 65 3A 34 63 3A 38 33 3A 37 61 3A 64 34 0D 0A 5B 44 42 47 5D 5B 32 30 36 34 37 36 5D 5B 77 69 66 69 20 20 20 20 5D 5B 77 75 5F 72 65 63 76 5F 6C 69 6E 65 20 20 20 20 5D 20 77 69 66 69 5F 75 61 72 74 5F 72 65 63 76 31 3A 32 30 36 34 37 36 2C 4F 4B 0D 0A 5B 44 42 47 5D 5B 32 31 36 34 39 39 5D 5B 77 69 66 69 20 20 20 20 5D 5B 77 75 5F 75 61 72 74 5F 77 72 69 74 65 20 20 20 5D 20 77 69 66 69 5F 75 61 72 74 5F 73 65 6E 64 3A 32 31 36 34 39 39 28 31 31 29 2C 41 54 2B 43 57 4A 41 50 3F 0D 0A 5B 44 42 47 5D 5B 32 31 36 35 30 39 5D 5B 77 69 66 69 20 20 20 20 5D 5B 77 75 5F 72 65 63 76 5F 6C 69 6E 65 20 20 20 20 5D 20 77 69 66 69 5F 75 61 72 74 5F 72 65 63 76 31 3A 32 31 36 35 30 39 2C 2B 43 57 4A 41 50 3A 22 4C 61 6B 64 69 20 4B 69 20 4B 61 74 68 69 22 2C 22 62 63 3A 64 66 3A 35 38 3A 65 34 3A 63 39 3A 61 31 22 2C 36 2C 2D 33 39 2C 30 2C 31 2C 33 2C 30 2C 30 0D 0A 5B 44 42 47 5D 5B 32 31 36 35 30 39 5D 5B 77 69 66 69 20 20 20 20 5D 5B 77 70 5F 67 65 74 5F 73 74 72 5F 69 74 65 6D 5F 65 78 5D 20 69 74 65 6D 3A 4C 61 6B 64 69 20 4B 69 20 4B 61 74 68 69 0D 0A 5B 44 42 47 5D 5B 32 31 36 35 30 39 5D 5B 77 69 66 69 20 20 20 20 5D 5B 77 70 5F 67 65 74 5F 73 74 72 5F 69 74 65 6D 5F 65 78 5D 20 69 74 65 6D 3A 62 63 3A 64 66 3A 35 38 3A 65 34 3A 63 39 3A 61 31 0D 0A 5B 44 42 47 5D 5B 32 31 36 35 30 39 5D 5B 77 69 66 69 20 20 20 20 5D 5B 77 70 5F 67 65 74 5F 73 74 72 5F 69 74 65 6D 5F 65 78 5D 20 69 74 65 6D 3A 36 0D 0A 5B 44 42 47 5D 5B 32 31 36 35 30 39 5D 5B 77 69 66 69 20 20 20 20 5D 5B 77 70 5F 67 65 74 5F 73 74 72 5F 69 74 65 6D 5F 65 78 5D 20 69 74 65 6D 3A 2D 33 39 0D 0A 5B 44 42 47 5D 5B 32 31 36 35 30 39 5D 5B 77 69 66 69 20 20 20 20 5D 5B 77 75 5F 72 65 63 76 5F 6C 69 6E 65 20 20 20 20 5D 20 77 69 66 69 5F 75 61 72 74 5F 72 65 63 76 31 3A 32 31 36 35 30 39 2C 4F 4B 0D 0A 5B 44 42 47 5D 5B 32 31 36 35 31 30 5D 5B 77 69 66 69 20 20 20 20 5D 5B 77 75 5F 75 61 72 74 5F 77 72 69 74 65 20 20 20 5D 20 77 69 66 69 5F 75 61 72 74
Parsed Device Response: Non-protocol response: [DBG][206451][wifi    ][wu_uart_write   ] wifi_uart_send:206451([DBG][206475][wifi    ][wu_recv_line    ] wifi_uart_recv1:206475,+CIFSR:STAIP,"192.168.86.37"
[DBG][206475][wifi    ][wp_get_str_item_ex] item:192.168.86.37
[DBG][206475][wifi    ][wu_recv_line    ] wifi_uart_recv1:206475,+CIFSR:STAMAC,"78:ee:4c:83:7a:d4"
[DBG][206476][wifi    ][wp_get_str_item_ex] item:78:ee:4c:83:7a:d4
[DBG][206476][wifi    ][wu_recv_line    ] wifi_uart_recv1:206476,OK
[DBG][216499][wifi    ][wu_uart_write   ] wifi_uart_send:216499(11),AT+CWJAP?
[DBG][216509][wifi    ][wu_recv_line    ] wifi_uart_recv1:216509,+CWJAP:"Lakdi Ki Kathi","bc:df:58:e4:c9:a1",6,-39,0,1,3,0,0
[DBG][216509][wifi    ][wp_get_str_item_ex] item:Lakdi Ki Kathi
[DBG][216509][wifi    ][wp_get_str_item_ex] item:bc:df:58:e4:c9:a1
[DBG][216509][wifi    ][wp_get_str_item_ex] item:6
[DBG][216509][wifi    ][wp_get_str_item_ex] item:-39
[DBG][216509][wifi    ][wu_recv_line    ] wifi_uart_recv1:216509,OK
[DBG][216510][wifi    ][wu_uart_write   ] wifi_uart
Incoming Packet: 5F 73 65 6E 64 3A 32 31 36 35 31 30 28 31 30 29 2C 41 54 2B 43 49 46 53 52 0D 0A 5B 44 42 47 5D 5B 32 31 36 35 32 31 5D 5B 77 69 66 69 20 20 20 20 5D 5B 77 75 5F 72 65 63 76 5F 6C 69 6E 65 20 20 20 20 5D 20 77 69 66 69 5F 75 61 72 74 5F 72 65 63 76 31 3A 32 31 36 35 32 31 2C 2B 43 49 46 53 52 3A 53 54 41 49 50 2C 22 31 39 32 2E 31 36 38 2E 38 36 2E 33 37 22 0D 0A 5B 44 42 47 5D 5B 32 31 36 35 32 31 5D 5B 77 69 66 69 20 20 20 20 5D 5B 77 70 5F 67 65 74 5F 73 74 72 5F 69 74 65 6D 5F 65 78 5D 20 69 74 65 6D 3A 31 39 32 2E 31 36 38 2E 38 36 2E 33 37 0D 0A 5B 44 42 47 5D 5B 32 31 36 35 32 31 5D 5B 77 69 66 69 20 20 20 20 5D 5B 77 75 5F 72 65 63 76 5F 6C 69 6E 65 20 20 20 20 5D 20 77 69 66 69 5F 75 61 72 74 5F 72 65 63 76 31 3A 32 31 36 35 32 31 2C 2B 43 49 46 53 52 3A 53 54 41 4D 41 43 2C 22 37 38 3A 65 65 3A 34 63 3A 38 33 3A 37 61 3A 64 34 22 0D 0A 5B 44 42 47 5D 5B 32 31 36 35 32 31 5D 5B 77 69 66 69 20 20 20 20 5D 5B 77 70 5F 67 65 74 5F 73 74 72 5F 69 74 65 6D 5F 65 78 5D 20 69 74 65 6D 3A 37 38 3A 65 65 3A 34 63 3A 38 33 3A 37 61 3A 64 34 0D 0A 5B 44 42 47 5D 5B 32 31 36 35 32 31 5D 5B 77 69 66 69 20 20 20 20 5D 5B 77 75 5F 72 65 63 76 5F 6C 69 6E 65 20 20 20 20 5D 20 77 69 66 69 5F 75 61 72 74 5F 72 65 63 76 31 3A 32 31 36 35 32 31 2C 4F 4B 0D 0A
Parsed Device Response: Non-protocol response: _send:216510(10),AT+CIFSR
[DBG][216521][wifi    ][wu_recv_line    ] wifi_uart_recv1:216521,+CIFSR:STAIP,"192.168.86.37"
[DBG][216521][wifi    ][wp_get_str_item_ex] item:192.168.86.37
[DBG][216521][wifi    ][wu_recv_line    ] wifi_uart_recv1:216521,+CIFSR:STAMAC,"78:ee:4c:83:7a:d4"
[DBG][216521][wifi    ][wp_get_str_item_ex] item:78:ee:4c:83:7a:d4
[DBG][216521][wifi    ][wu_recv_line    ] wifi_uart_recv1:216521,OK

Incoming Packet: 5B 44 42 47 5D 5B 32 31 39 37 32 33 5D 5B 77 69 66 69 20 20 20 20 5D 5B 77 75 5F 75 61 72 74 5F 64 61 74 61 5F 70 72 6F 63 5D 20 73 6F 63 6B 5F 63 6F 75 6E 74 31 3D 32 31 39 37 32 33 2C 31 38 34 0D 0A 72 65 63 76 0D 0A 33 30 20 0D 0A 72 65 63 76 0D 0A 42 35 20 0D 0A 72 65 63 76 0D 0A 30 31 20 0D 0A 5B 44 42 47 5D 5B 32 31 39 37 33 38 5D 5B 6E 65 74 20 20 20 20 20 5D 5B 77 69 66 69 5F 73 6F 63 6B 5F 72 65 63 76 20 20 5D 20 77 69 66 69 5F 73 6F 63 6B 5F 72 65 63 76 3A 31 38 31 0D 0A 72 65 63 76 0D 0A 30 30 20 31 41 20 32 46 20 36 34 20 36 35 20 37 36 20 36 39 20 36 33 20 36 35 20 37 33 20 32 46 20 33 36 20 33 37 20 33 32 20 33 35 20 33 30 20 0D 0A 33 33 20 33 33 20 33 31 20 33 34 20 33 38 20 33 30 20 33 30 20 33 30 20 33 38 20 32 46 20 37 31 20 37 32 20 32 30 20 37 42 20 30 44 20 30 41 20 0D 0A 32 30 20 32 30 20 32 32 20 37 31 20 37 32 20 34 33 20 36 46 20 36 34 20 36 35 20 32 32 20 33 41 20 32 30 20 32 32 20 36 44 20 37 35 20 36 43 20 0D 0A 37 34 20 36 39 20 37 30 20 36 31 20 37 39 20 36 44 20 36 35 20 36 45 20 37 34 20 37 33 20 33 41 20 32 46 20 32 46 20 37 30 20 36 31 20 37 39 20 0D 0A 33 46 20 37 30 20 36 31 20 33 44 20 37 39 20 36 46 20 37 35 20 37 32 20 32 44 20 37 36 20 37 30 20 36 31 20 34 30 20 36 46 20 36 42 20 36 38 20 0D 0A 36 34 20 36 36 20 36 33 20 36 32 20 36 31 20 36 45 20 36 42 20 32 36 20 37 30 20 36 45 20 33 44 20 35 39 20 36 46 20 37 35 20 37 32 20 34 45 20 0D 0A 36 31 20 36 44 20 36 35 20 32 36 20 36 31 20 36 44 20 33 44 20 33 31 20 33 35 20 32 45 20 33 35 20 33 30 20 32 36 20 36 33 20 37 35 20 33 44 20 0D 0A 34 37 20 34 32 20 35 30 20 32 36 20 37 34 20 36 45 20 33 44 20 35 34 20 36 35 20 37 33 20 37 38 20 37 34 20 35 30 20 36 31 20 37 39 20 36 44 20 0D 0A 36 35 20 36 45 20 37 34 20 32 32 20 32 43 20 30 44 20 30 41 20 32 30 20 32 30 20 32 32 20 36 31 20 36 44 20 37 34 20 32 32 20 33 41 20 32 30 20 0D 0A 32 32 20 33 39 20 33 39 20 32 45 20 33 35 20 33 30 20 32 30 20 34 37 20 34 32 20 35 30 20 32 32 20 32 43 20 30 44 20 30 41 20 32 30 20 32 30 20 0D 0A 32 32 20 37 33 20 36 38 20 36 46 20 37 37 20 35 34 20 36 39 20 36 44 20 36 35 20 32 32 20 33 41 20 32 30 20 32 32 20 33 31 20 33 30 20 32 32 20 0D 0A 30 44 20 30 41 20 37 44 20 30 44 20 30 41 20 0D 0A 6D 71 74 74 5F 63 6F 6D 6D 5F 6D 65 73 73 61 67 65 41 72 72 69 76 65 64 5F 71 72 20 72 65 63 76 3A 20 20 7B 0D 0A 20 20 22 71 72 43 6F 64 65 22 3A 20 22 6D 75 6C 74 69 70 61 79 6D 65 6E 74 73 3A 2F 2F 70 61 79 3F 70 61 3D 79 6F 75 72 2D 76 70 61 40 6F 6B 68 64 66 63 62 61 6E 6B 26 70 6E 3D 59 6F 75 72 4E 61 6D 65 26 61 6D 3D 31 35 2E 35 30 26 63 75 3D 47 42 50 26 74 6E 3D 54 65 73 78 74 50 61 79 6D 65 6E 74 22 2C 0D 0A 20 20 22 61 6D 74 22 3A 20 22 39 39 2E 35 30 20 47 42 50 22 2C 0D 0A 20 20 22 73 68 6F 77 54 69 6D 65 22 3A 20 22 31 30 22 0D 0A 7D 0D 0A 0D 0A 4E 46 43 20 62 6C 6F 63 6B 20 73 65 74 20 77 69 74 68 20 39 33 20 62 79 74 65 73 2E 0D 0A 6D 66 5F 72 66 69 64 5F 68 61 6C 5F 72 73 74 5F 76 32 0D 0A
Parsed Device Response: Non-protocol response: [DBG][219723][wifi    ][wu_uart_data_proc] sock_count1=219723,184
recv
30 
recv
B5 
recv
01 
[DBG][219738][net     ][wifi_sock_recv  ] wifi_sock_recv:181
recv
00 1A 2F 64 65 76 69 63 65 73 2F 36 37 32 35 30 
33 33 31 34 38 30 30 30 38 2F 71 72 20 7B 0D 0A 
20 20 22 71 72 43 6F 64 65 22 3A 20 22 6D 75 6C 
74 69 70 61 79 6D 65 6E 74 73 3A 2F 2F 70 61 79 
3F 70 61 3D 79 6F 75 72 2D 76 70 61 40 6F 6B 68 
64 66 63 62 61 6E 6B 26 70 6E 3D 59 6F 75 72 4E 
61 6D 65 26 61 6D 3D 31 35 2E 35 30 26 63 75 3D 
47 42 50 26 74 6E 3D 54 65 73 78 74 50 61 79 6D 
65 6E 74 22 2C 0D 0A 20 20 22 61 6D 74 22 3A 20 
22 39 39 2E 35 30 20 47 42 50 22 2C 0D 0A 20 20 
22 73 68 6F 77 54 69 6D 65 22 3A 20 22 31 30 22 
0D 0A 7D 0D 0A 
mqtt_comm_messageArrived_qr recv:  {
  "qrCode": "multipayments://pay?pa=your-vpa@okhdfcbank&pn=YourName&am=15.50&cu=GBP&tn=TesxtPayment",
  "amt": "99.50 GBP",
  "showTime": "10"
}

NFC block set with 93 bytes.
mf_rfid_hal_rst_v2

Incoming Packet: 6D 66 5F 72 66 69 64 5F 68 61 6C 5F 72 73 74 5F 76 32 0D 0A 5B 44 42 47 5D 5B 32 32 31 35 32 31 5D 5B 77 69 66 69 20 20 20 20 5D 5B 77 75 5F 75 61 72 74 5F 77 72 69 74 65 20 20 20 5D 20 77 69 66 69 5F 75 61 72 74 5F 73 65 6E 64 3A 32 32 31 35 32 31 28 31 31 29 2C 41 54 2B 43 57 4A 41 50 3F 0D 0A 5B 44 42 47 5D 5B 32 32 31 35 33 31 5D 5B 77 69 66 69 20 20 20 20 5D 5B 77 75 5F 72 65 63 76 5F 6C 69 6E 65 20 20 20 20 5D 20 77 69 66 69 5F 75 61 72 74 5F 72 65 63 76 31 3A 32 32 31 35 33 31 2C 2B 43 57 4A 41 50 3A 22 4C 61 6B 64 69 20 4B 69 20 4B 61 74 68 69 22 2C 22 62 63 3A 64 66 3A 35 38 3A 65 34 3A 63 39 3A 61 31 22 2C 36 2C 2D 34 31 2C 30 2C 31 2C 33 2C 30 2C 30 0D 0A 5B 44 42 47 5D 5B 32 32 31 35 33 31 5D 5B 77 69 66 69 20 20 20 20 5D 5B 77 70 5F 67 65 74 5F 73 74 72 5F 69 74 65 6D 5F 65 78 5D 20 69 74 65 6D 3A 4C 61 6B 64 69 20 4B 69 20 4B 61 74 68 69 0D 0A 5B 44 42 47 5D 5B 32 32 31 35 33 31 5D 5B 77 69 66 69 20 20 20 20 5D 5B 77 70 5F 67 65 74 5F 73 74 72 5F 69 74 65 6D 5F 65 78 5D 20 69 74 65 6D 3A 62 63 3A 64 66 3A 35 38 3A 65 34 3A 63 39 3A 61 31 0D 0A 5B 44 42 47 5D 5B 32 32 31 35 33 31 5D 5B 77 69 66 69 20 20 20 20 5D 5B 77 70 5F 67 65 74 5F 73 74 72 5F 69 74 65 6D 5F 65 78 5D 20 69 74 65 6D 3A 36 0D 0A 5B 44 42 47 5D 5B 32 32 31 35 33 31 5D 5B 77 69 66 69 20 20 20 20 5D 5B 77 70 5F 67 65 74 5F 73 74 72 5F 69 74 65 6D 5F 65 78 5D 20 69 74 65 6D 3A 2D 34 31 0D 0A 5B 44 42 47 5D 5B 32 32 31 35 33 31 5D 5B 77 69 66 69 20 20 20 20 5D 5B 77 75 5F 72 65 63 76 5F 6C 69 6E 65 20 20 20 20 5D 20 77 69 66 69 5F 75 61 72 74 5F 72 65 63 76 31 3A 32 32 31 35 33 31 2C 4F 4B 0D 0A 5B 44 42 47 5D 5B 32 32 31 35 33 32 5D 5B 77 69 66 69 20 20 20 20 5D 5B 77 75 5F 75 61 72 74 5F 77 72 69 74 65 20 20 20 5D 20 77 69 66 69 5F 75 61 72 74 5F 73 65 6E 64 3A 32 32 31 35 33 32 28 31 30 29 2C 41 54 2B 43 49 46 53 52 0D 0A 5B 44 42 47 5D 5B 32 32 31 35 34 34 5D 5B 77 69 66 69 20 20 20 20 5D 5B 77 75 5F 72 65 63 76 5F 6C 69 6E 65 20 20 20 20 5D 20 77 69 66 69 5F 75 61 72 74 5F 72 65 63 76 31 3A 32 32 31 35 34 34 2C 2B 43 49 46 53 52 3A 53 54 41 49 50 2C 22 31 39 32 2E 31 36 38 2E 38 36 2E 33 37 22 0D 0A 5B 44 42 47 5D 5B 32 32 31 35 34 34 5D 5B 77 69 66 69 20 20 20 20 5D 5B 77 70 5F 67 65 74 5F 73 74 72 5F 69 74 65 6D 5F 65 78 5D 20 69 74 65 6D 3A 31 39 32 2E 31 36 38 2E 38 36 2E 33 37 0D 0A 5B 44 42 47 5D 5B 32 32 31 35 34 34 5D 5B 77 69 66 69 20 20 20 20 5D 5B 77 75 5F 72 65 63 76 5F 6C 69 6E 65 20 20 20 20 5D 20 77 69 66 69 5F 75 61 72 74 5F 72 65 63 76 31 3A 32 32 31 35 34 34 2C 2B 43 49 46 53 52 3A 53 54 41 4D 41 43 2C 22 37 38 3A 65 65 3A 34 63 3A 38 33 3A 37 61 3A 64 34 22 0D 0A 5B 44 42 47 5D 5B 32 32 31 35 34 34 5D 5B 77 69 66 69 20 20 20 20 5D 5B 77 70 5F 67 65 74 5F 73 74 72 5F 69 74 65 6D 5F 65 78 5D 20 69 74 65 6D 3A 37 38 3A 65 65 3A 34 63 3A 38 33 3A 37 61 3A 64 34 0D 0A 5B 44 42 47 5D 5B 32 32 31 35 34 34 5D 5B 77 69 66 69 20 20 20 20 5D 5B 77 75 5F 72 65 63 76 5F 6C 69 6E 65 20 20 20 20 5D 20 77 69 66 69 5F 75 61 72 74 5F 72 65 63 76 31 3A 32 32 31 35 34 34 2C 4F 4B 0D 0A
Parsed Device Response: Non-protocol response: mf_rfid_hal_rst_v2
[DBG][221521][wifi    ][wu_uart_write   ] wifi_uart_send:221521(11),AT+CWJAP?
[DBG][221531][wifi    ][wu_recv_line    ] wifi_uart_recv1:221531,+CWJAP:"Lakdi Ki Kathi","bc:df:58:e4:c9:a1",6,-41,0,1,3,0,0
[DBG][221531][wifi    ][wp_get_str_item_ex] item:Lakdi Ki Kathi
[DBG][221531][wifi    ][wp_get_str_item_ex] item:bc:df:58:e4:c9:a1
[DBG][221531][wifi    ][wp_get_str_item_ex] item:6
[DBG][221531][wifi    ][wp_get_str_item_ex] item:-41
[DBG][221531][wifi    ][wu_recv_line    ] wifi_uart_recv1:221531,OK
[DBG][221532][wifi    ][wu_uart_write   ] wifi_uart_send:221532(10),AT+CIFSR
[DBG][221544][wifi    ][wu_recv_line    ] wifi_uart_recv1:221544,+CIFSR:STAIP,"192.168.86.37"
[DBG][221544][wifi    ][wp_get_str_item_ex] item:192.168.86.37
[DBG][221544][wifi    ][wu_recv_line    ] wifi_uart_recv1:221544,+CIFSR:STAMAC,"78:ee:4c:83:7a:d4"
[DBG][221544][wifi    ][wp_get_str_item_ex] item:78:ee:4c:83:7a:d4
[DBG][221544][wifi    ][wu_recv_line    ] wifi_uart_recv1:221544,OK